[15-Feb-2019 12:41:10 UTC] PHP Warning:  include(header.php): failed to open stream: No such file or directory in /home/ubuntu/workspace/partials/header.html on line 28
[15-Feb-2019 12:41:11 UTC] PHP Stack trace:
[15-Feb-2019 12:41:11 UTC] PHP   1. {main}() /home/ubuntu/workspace/php_files/Admin_php/agreementForm.php:0
[15-Feb-2019 12:41:11 UTC] PHP   2. include() /home/ubuntu/workspace/php_files/Admin_php/agreementForm.php:3
[15-Feb-2019 12:41:11 UTC] PHP Warning:  include(): Failed opening 'header.php' for inclusion (include_path='.:/usr/share/php:/usr/share/pear') in /home/ubuntu/workspace/partials/header.html on line 28
[15-Feb-2019 12:41:11 UTC] PHP Stack trace:
[15-Feb-2019 12:41:11 UTC] PHP   1. {main}() /home/ubuntu/workspace/php_files/Admin_php/agreementForm.php:0
[15-Feb-2019 12:41:11 UTC] PHP   2. include() /home/ubuntu/workspace/php_files/Admin_php/agreementForm.php:3
[15-Feb-2019 12:41:11 UTC] PHP Warning:  include(footer.php): failed to open stream: No such file or directory in /home/ubuntu/workspace/partials/footer.html on line 6
[15-Feb-2019 12:41:11 UTC] PHP Stack trace:
[15-Feb-2019 12:41:11 UTC] PHP   1. {main}() /home/ubuntu/workspace/php_files/Admin_php/agreementForm.php:0
[15-Feb-2019 12:41:11 UTC] PHP   2. include() /home/ubuntu/workspace/php_files/Admin_php/agreementForm.php:38
[15-Feb-2019 12:41:11 UTC] PHP Warning:  include(): Failed opening 'footer.php' for inclusion (include_path='.:/usr/share/php:/usr/share/pear') in /home/ubuntu/workspace/partials/footer.html on line 6
[15-Feb-2019 12:41:11 UTC] PHP Stack trace:
[15-Feb-2019 12:41:11 UTC] PHP   1. {main}() /home/ubuntu/workspace/php_files/Admin_php/agreementForm.php:0
[15-Feb-2019 12:41:11 UTC] PHP   2. include() /home/ubuntu/workspace/php_files/Admin_php/agreementForm.php:38
[15-Feb-2019 12:43:14 UTC] PHP Warning:  include(header.php): failed to open stream: No such file or directory in /home/ubuntu/workspace/partials/header.html on line 28
[15-Feb-2019 12:43:14 UTC] PHP Stack trace:
[15-Feb-2019 12:43:14 UTC] PHP   1. {main}() /home/ubuntu/workspace/php_files/Admin_php/agreementForm.php:0
[15-Feb-2019 12:43:14 UTC] PHP   2. include() /home/ubuntu/workspace/php_files/Admin_php/agreementForm.php:3
[15-Feb-2019 12:43:14 UTC] PHP Warning:  include(): Failed opening 'header.php' for inclusion (include_path='.:/usr/share/php:/usr/share/pear') in /home/ubuntu/workspace/partials/header.html on line 28
[15-Feb-2019 12:43:14 UTC] PHP Stack trace:
[15-Feb-2019 12:43:14 UTC] PHP   1. {main}() /home/ubuntu/workspace/php_files/Admin_php/agreementForm.php:0
[15-Feb-2019 12:43:14 UTC] PHP   2. include() /home/ubuntu/workspace/php_files/Admin_php/agreementForm.php:3
[15-Feb-2019 12:43:14 UTC] PHP Warning:  include(footer.php): failed to open stream: No such file or directory in /home/ubuntu/workspace/partials/footer.html on line 6
[15-Feb-2019 12:43:14 UTC] PHP Stack trace:
[15-Feb-2019 12:43:14 UTC] PHP   1. {main}() /home/ubuntu/workspace/php_files/Admin_php/agreementForm.php:0
[15-Feb-2019 12:43:14 UTC] PHP   2. include() /home/ubuntu/workspace/php_files/Admin_php/agreementForm.php:38
[15-Feb-2019 12:43:14 UTC] PHP Warning:  include(): Failed opening 'footer.php' for inclusion (include_path='.:/usr/share/php:/usr/share/pear') in /home/ubuntu/workspace/partials/footer.html on line 6
[15-Feb-2019 12:43:14 UTC] PHP Stack trace:
[15-Feb-2019 12:43:14 UTC] PHP   1. {main}() /home/ubuntu/workspace/php_files/Admin_php/agreementForm.php:0
[15-Feb-2019 12:43:14 UTC] PHP   2. include() /home/ubuntu/workspace/php_files/Admin_php/agreementForm.php:38
[15-Feb-2019 12:44:52 UTC] PHP Warning:  include(header.php): failed to open stream: No such file or directory in /home/ubuntu/workspace/partials/header.html on line 28
[15-Feb-2019 12:44:52 UTC] PHP Stack trace:
[15-Feb-2019 12:44:52 UTC] PHP   1. {main}() /home/ubuntu/workspace/php_files/Admin_php/historyStaffRequests.php:0
[15-Feb-2019 12:44:52 UTC] PHP   2. include() /home/ubuntu/workspace/php_files/Admin_php/historyStaffRequests.php:3
[15-Feb-2019 12:44:52 UTC] PHP Warning:  include(): Failed opening 'header.php' for inclusion (include_path='.:/usr/share/php:/usr/share/pear') in /home/ubuntu/workspace/partials/header.html on line 28
[15-Feb-2019 12:44:52 UTC] PHP Stack trace:
[15-Feb-2019 12:44:52 UTC] PHP   1. {main}() /home/ubuntu/workspace/php_files/Admin_php/historyStaffRequests.php:0
[15-Feb-2019 12:44:52 UTC] PHP   2. include() /home/ubuntu/workspace/php_files/Admin_php/historyStaffRequests.php:3
[15-Feb-2019 12:44:52 UTC] PHP Warning:  include(footer.php): failed to open stream: No such file or directory in /home/ubuntu/workspace/partials/footer.html on line 6
[15-Feb-2019 12:44:52 UTC] PHP Stack trace:
[15-Feb-2019 12:44:52 UTC] PHP   1. {main}() /home/ubuntu/workspace/php_files/Admin_php/historyStaffRequests.php:0
[15-Feb-2019 12:44:52 UTC] PHP   2. include() /home/ubuntu/workspace/php_files/Admin_php/historyStaffRequests.php:356
[15-Feb-2019 12:44:52 UTC] PHP Warning:  include(): Failed opening 'footer.php' for inclusion (include_path='.:/usr/share/php:/usr/share/pear') in /home/ubuntu/workspace/partials/footer.html on line 6
[15-Feb-2019 12:44:52 UTC] PHP Stack trace:
[15-Feb-2019 12:44:52 UTC] PHP   1. {main}() /home/ubuntu/workspace/php_files/Admin_php/historyStaffRequests.php:0
[15-Feb-2019 12:44:52 UTC] PHP   2. include() /home/ubuntu/workspace/php_files/Admin_php/historyStaffRequests.php:356
[15-Feb-2019 12:47:20 UTC] PHP Warning:  include(header.php): failed to open stream: No such file or directory in /home/ubuntu/workspace/partials/header.html on line 28
[15-Feb-2019 12:47:20 UTC] PHP Stack trace:
[15-Feb-2019 12:47:20 UTC] PHP   1. {main}() /home/ubuntu/workspace/php_files/Admin_php/historyStudentRequests.php:0
[15-Feb-2019 12:47:20 UTC] PHP   2. include() /home/ubuntu/workspace/php_files/Admin_php/historyStudentRequests.php:3
[15-Feb-2019 12:47:20 UTC] PHP Warning:  include(): Failed opening 'header.php' for inclusion (include_path='.:/usr/share/php:/usr/share/pear') in /home/ubuntu/workspace/partials/header.html on line 28
[15-Feb-2019 12:47:20 UTC] PHP Stack trace:
[15-Feb-2019 12:47:20 UTC] PHP   1. {main}() /home/ubuntu/workspace/php_files/Admin_php/historyStudentRequests.php:0
[15-Feb-2019 12:47:20 UTC] PHP   2. include() /home/ubuntu/workspace/php_files/Admin_php/historyStudentRequests.php:3
[15-Feb-2019 12:47:20 UTC] PHP Warning:  include(footer.php): failed to open stream: No such file or directory in /home/ubuntu/workspace/partials/footer.html on line 6
[15-Feb-2019 12:47:20 UTC] PHP Stack trace:
[15-Feb-2019 12:47:20 UTC] PHP   1. {main}() /home/ubuntu/workspace/php_files/Admin_php/historyStudentRequests.php:0
[15-Feb-2019 12:47:20 UTC] PHP   2. include() /home/ubuntu/workspace/php_files/Admin_php/historyStudentRequests.php:235
[15-Feb-2019 12:47:20 UTC] PHP Warning:  include(): Failed opening 'footer.php' for inclusion (include_path='.:/usr/share/php:/usr/share/pear') in /home/ubuntu/workspace/partials/footer.html on line 6
[15-Feb-2019 12:47:20 UTC] PHP Stack trace:
[15-Feb-2019 12:47:20 UTC] PHP   1. {main}() /home/ubuntu/workspace/php_files/Admin_php/historyStudentRequests.php:0
[15-Feb-2019 12:47:20 UTC] PHP   2. include() /home/ubuntu/workspace/php_files/Admin_php/historyStudentRequests.php:235
[15-Feb-2019 12:47:41 UTC] PHP Warning:  include(header.php): failed to open stream: No such file or directory in /home/ubuntu/workspace/partials/header.html on line 28
[15-Feb-2019 12:47:41 UTC] PHP Stack trace:
[15-Feb-2019 12:47:41 UTC] PHP   1. {main}() /home/ubuntu/workspace/php_files/Admin_php/historyStudentRequests.php:0
[15-Feb-2019 12:47:41 UTC] PHP   2. include() /home/ubuntu/workspace/php_files/Admin_php/historyStudentRequests.php:3
[15-Feb-2019 12:47:41 UTC] PHP Warning:  include(): Failed opening 'header.php' for inclusion (include_path='.:/usr/share/php:/usr/share/pear') in /home/ubuntu/workspace/partials/header.html on line 28
[15-Feb-2019 12:47:41 UTC] PHP Stack trace:
[15-Feb-2019 12:47:41 UTC] PHP   1. {main}() /home/ubuntu/workspace/php_files/Admin_php/historyStudentRequests.php:0
[15-Feb-2019 12:47:41 UTC] PHP   2. include() /home/ubuntu/workspace/php_files/Admin_php/historyStudentRequests.php:3
[15-Feb-2019 12:47:41 UTC] PHP Warning:  include(footer.php): failed to open stream: No such file or directory in /home/ubuntu/workspace/partials/footer.html on line 6
[15-Feb-2019 12:47:41 UTC] PHP Stack trace:
[15-Feb-2019 12:47:41 UTC] PHP   1. {main}() /home/ubuntu/workspace/php_files/Admin_php/historyStudentRequests.php:0
[15-Feb-2019 12:47:41 UTC] PHP   2. include() /home/ubuntu/workspace/php_files/Admin_php/historyStudentRequests.php:211
[15-Feb-2019 12:47:41 UTC] PHP Warning:  include(): Failed opening 'footer.php' for inclusion (include_path='.:/usr/share/php:/usr/share/pear') in /home/ubuntu/workspace/partials/footer.html on line 6
[15-Feb-2019 12:47:41 UTC] PHP Stack trace:
[15-Feb-2019 12:47:41 UTC] PHP   1. {main}() /home/ubuntu/workspace/php_files/Admin_php/historyStudentRequests.php:0
[15-Feb-2019 12:47:41 UTC] PHP   2. include() /home/ubuntu/workspace/php_files/Admin_php/historyStudentRequests.php:211
[15-Feb-2019 12:49:47 UTC] PHP Warning:  include(header.php): failed to open stream: No such file or directory in /home/ubuntu/workspace/partials/header.html on line 28
[15-Feb-2019 12:49:47 UTC] PHP Stack trace:
[15-Feb-2019 12:49:47 UTC] PHP   1. {main}() /home/ubuntu/workspace/php_files/Admin_php/reviewStaffSubmissions.php:0
[15-Feb-2019 12:49:47 UTC] PHP   2. include() /home/ubuntu/workspace/php_files/Admin_php/reviewStaffSubmissions.php:3
[15-Feb-2019 12:49:47 UTC] PHP Warning:  include(): Failed opening 'header.php' for inclusion (include_path='.:/usr/share/php:/usr/share/pear') in /home/ubuntu/workspace/partials/header.html on line 28
[15-Feb-2019 12:49:47 UTC] PHP Stack trace:
[15-Feb-2019 12:49:47 UTC] PHP   1. {main}() /home/ubuntu/workspace/php_files/Admin_php/reviewStaffSubmissions.php:0
[15-Feb-2019 12:49:47 UTC] PHP   2. include() /home/ubuntu/workspace/php_files/Admin_php/reviewStaffSubmissions.php:3
[15-Feb-2019 12:49:47 UTC] PHP Warning:  include(footer.php): failed to open stream: No such file or directory in /home/ubuntu/workspace/partials/footer.html on line 6
[15-Feb-2019 12:49:47 UTC] PHP Stack trace:
[15-Feb-2019 12:49:47 UTC] PHP   1. {main}() /home/ubuntu/workspace/php_files/Admin_php/reviewStaffSubmissions.php:0
[15-Feb-2019 12:49:47 UTC] PHP   2. include() /home/ubuntu/workspace/php_files/Admin_php/reviewStaffSubmissions.php:234
[15-Feb-2019 12:49:47 UTC] PHP Warning:  include(): Failed opening 'footer.php' for inclusion (include_path='.:/usr/share/php:/usr/share/pear') in /home/ubuntu/workspace/partials/footer.html on line 6
[15-Feb-2019 12:49:47 UTC] PHP Stack trace:
[15-Feb-2019 12:49:47 UTC] PHP   1. {main}() /home/ubuntu/workspace/php_files/Admin_php/reviewStaffSubmissions.php:0
[15-Feb-2019 12:49:47 UTC] PHP   2. include() /home/ubuntu/workspace/php_files/Admin_php/reviewStaffSubmissions.php:234
[15-Feb-2019 12:51:25 UTC] PHP Warning:  include(header.php): failed to open stream: No such file or directory in /home/ubuntu/workspace/partials/header.html on line 28
[15-Feb-2019 12:51:25 UTC] PHP Stack trace:
[15-Feb-2019 12:51:25 UTC] PHP   1. {main}() /home/ubuntu/workspace/php_files/Admin_php/reviewStudentSubmissions.php:0
[15-Feb-2019 12:51:25 UTC] PHP   2. include() /home/ubuntu/workspace/php_files/Admin_php/reviewStudentSubmissions.php:3
[15-Feb-2019 12:51:25 UTC] PHP Warning:  include(): Failed opening 'header.php' for inclusion (include_path='.:/usr/share/php:/usr/share/pear') in /home/ubuntu/workspace/partials/header.html on line 28
[15-Feb-2019 12:51:25 UTC] PHP Stack trace:
[15-Feb-2019 12:51:25 UTC] PHP   1. {main}() /home/ubuntu/workspace/php_files/Admin_php/reviewStudentSubmissions.php:0
[15-Feb-2019 12:51:25 UTC] PHP   2. include() /home/ubuntu/workspace/php_files/Admin_php/reviewStudentSubmissions.php:3
[15-Feb-2019 12:51:25 UTC] PHP Warning:  include(footer.php): failed to open stream: No such file or directory in /home/ubuntu/workspace/partials/footer.html on line 6
[15-Feb-2019 12:51:25 UTC] PHP Stack trace:
[15-Feb-2019 12:51:25 UTC] PHP   1. {main}() /home/ubuntu/workspace/php_files/Admin_php/reviewStudentSubmissions.php:0
[15-Feb-2019 12:51:25 UTC] PHP   2. include() /home/ubuntu/workspace/php_files/Admin_php/reviewStudentSubmissions.php:171
[15-Feb-2019 12:51:25 UTC] PHP Warning:  include(): Failed opening 'footer.php' for inclusion (include_path='.:/usr/share/php:/usr/share/pear') in /home/ubuntu/workspace/partials/footer.html on line 6
[15-Feb-2019 12:51:25 UTC] PHP Stack trace:
[15-Feb-2019 12:51:25 UTC] PHP   1. {main}() /home/ubuntu/workspace/php_files/Admin_php/reviewStudentSubmissions.php:0
[15-Feb-2019 12:51:25 UTC] PHP   2. include() /home/ubuntu/workspace/php_files/Admin_php/reviewStudentSubmissions.php:171
[15-Feb-2019 12:56:52 UTC] PHP Warning:  include(header.php): failed to open stream: No such file or directory in /home/ubuntu/workspace/partials/header.html on line 28
[15-Feb-2019 12:56:52 UTC] PHP Stack trace:
[15-Feb-2019 12:56:52 UTC] PHP   1. {main}() /home/ubuntu/workspace/php_files/Admin_php/agreementForm.php:0
[15-Feb-2019 12:56:52 UTC] PHP   2. include() /home/ubuntu/workspace/php_files/Admin_php/agreementForm.php:3
[15-Feb-2019 12:56:52 UTC] PHP Warning:  include(): Failed opening 'header.php' for inclusion (include_path='.:/usr/share/php:/usr/share/pear') in /home/ubuntu/workspace/partials/header.html on line 28
[15-Feb-2019 12:56:52 UTC] PHP Stack trace:
[15-Feb-2019 12:56:52 UTC] PHP   1. {main}() /home/ubuntu/workspace/php_files/Admin_php/agreementForm.php:0
[15-Feb-2019 12:56:52 UTC] PHP   2. include() /home/ubuntu/workspace/php_files/Admin_php/agreementForm.php:3
[15-Feb-2019 12:56:52 UTC] PHP Warning:  include(footer.php): failed to open stream: No such file or directory in /home/ubuntu/workspace/partials/footer.html on line 6
[15-Feb-2019 12:56:52 UTC] PHP Stack trace:
[15-Feb-2019 12:56:52 UTC] PHP   1. {main}() /home/ubuntu/workspace/php_files/Admin_php/agreementForm.php:0
[15-Feb-2019 12:56:52 UTC] PHP   2. include() /home/ubuntu/workspace/php_files/Admin_php/agreementForm.php:38
[15-Feb-2019 12:56:52 UTC] PHP Warning:  include(): Failed opening 'footer.php' for inclusion (include_path='.:/usr/share/php:/usr/share/pear') in /home/ubuntu/workspace/partials/footer.html on line 6
[15-Feb-2019 12:56:52 UTC] PHP Stack trace:
[15-Feb-2019 12:56:52 UTC] PHP   1. {main}() /home/ubuntu/workspace/php_files/Admin_php/agreementForm.php:0
[15-Feb-2019 12:56:52 UTC] PHP   2. include() /home/ubuntu/workspace/php_files/Admin_php/agreementForm.php:38
[15-Feb-2019 12:57:32 UTC] PHP Warning:  include(header.php): failed to open stream: No such file or directory in /home/ubuntu/workspace/partials/header.html on line 28
[15-Feb-2019 12:57:32 UTC] PHP Stack trace:
[15-Feb-2019 12:57:32 UTC] PHP   1. {main}() /home/ubuntu/workspace/php_files/Admin_php/agreementForm.php:0
[15-Feb-2019 12:57:32 UTC] PHP   2. include() /home/ubuntu/workspace/php_files/Admin_php/agreementForm.php:3
[15-Feb-2019 12:57:32 UTC] PHP Warning:  include(): Failed opening 'header.php' for inclusion (include_path='.:/usr/share/php:/usr/share/pear') in /home/ubuntu/workspace/partials/header.html on line 28
[15-Feb-2019 12:57:32 UTC] PHP Stack trace:
[15-Feb-2019 12:57:32 UTC] PHP   1. {main}() /home/ubuntu/workspace/php_files/Admin_php/agreementForm.php:0
[15-Feb-2019 12:57:32 UTC] PHP   2. include() /home/ubuntu/workspace/php_files/Admin_php/agreementForm.php:3
[15-Feb-2019 12:57:32 UTC] PHP Warning:  include(footer.php): failed to open stream: No such file or directory in /home/ubuntu/workspace/partials/footer.html on line 6
[15-Feb-2019 12:57:32 UTC] PHP Stack trace:
[15-Feb-2019 12:57:32 UTC] PHP   1. {main}() /home/ubuntu/workspace/php_files/Admin_php/agreementForm.php:0
[15-Feb-2019 12:57:32 UTC] PHP   2. include() /home/ubuntu/workspace/php_files/Admin_php/agreementForm.php:38
[15-Feb-2019 12:57:32 UTC] PHP Warning:  include(): Failed opening 'footer.php' for inclusion (include_path='.:/usr/share/php:/usr/share/pear') in /home/ubuntu/workspace/partials/footer.html on line 6
[15-Feb-2019 12:57:32 UTC] PHP Stack trace:
[15-Feb-2019 12:57:32 UTC] PHP   1. {main}() /home/ubuntu/workspace/php_files/Admin_php/agreementForm.php:0
[15-Feb-2019 12:57:32 UTC] PHP   2. include() /home/ubuntu/workspace/php_files/Admin_php/agreementForm.php:38
[15-Feb-2019 12:57:58 UTC] PHP Warning:  include(header.php): failed to open stream: No such file or directory in /home/ubuntu/workspace/partials/header.html on line 28
[15-Feb-2019 12:57:58 UTC] PHP Stack trace:
[15-Feb-2019 12:57:58 UTC] PHP   1. {main}() /home/ubuntu/workspace/php_files/Admin_php/agreementForm.php:0
[15-Feb-2019 12:57:58 UTC] PHP   2. include() /home/ubuntu/workspace/php_files/Admin_php/agreementForm.php:3
[15-Feb-2019 12:57:58 UTC] PHP Warning:  include(): Failed opening 'header.php' for inclusion (include_path='.:/usr/share/php:/usr/share/pear') in /home/ubuntu/workspace/partials/header.html on line 28
[15-Feb-2019 12:57:58 UTC] PHP Stack trace:
[15-Feb-2019 12:57:58 UTC] PHP   1. {main}() /home/ubuntu/workspace/php_files/Admin_php/agreementForm.php:0
[15-Feb-2019 12:57:58 UTC] PHP   2. include() /home/ubuntu/workspace/php_files/Admin_php/agreementForm.php:3
[15-Feb-2019 12:57:58 UTC] PHP Warning:  include(footer.php): failed to open stream: No such file or directory in /home/ubuntu/workspace/partials/footer.html on line 6
[15-Feb-2019 12:57:58 UTC] PHP Stack trace:
[15-Feb-2019 12:57:58 UTC] PHP   1. {main}() /home/ubuntu/workspace/php_files/Admin_php/agreementForm.php:0
[15-Feb-2019 12:57:58 UTC] PHP   2. include() /home/ubuntu/workspace/php_files/Admin_php/agreementForm.php:38
[15-Feb-2019 12:57:58 UTC] PHP Warning:  include(): Failed opening 'footer.php' for inclusion (include_path='.:/usr/share/php:/usr/share/pear') in /home/ubuntu/workspace/partials/footer.html on line 6
[15-Feb-2019 12:57:58 UTC] PHP Stack trace:
[15-Feb-2019 12:57:58 UTC] PHP   1. {main}() /home/ubuntu/workspace/php_files/Admin_php/agreementForm.php:0
[15-Feb-2019 12:57:58 UTC] PHP   2. include() /home/ubuntu/workspace/php_files/Admin_php/agreementForm.php:38
[15-Feb-2019 12:58:35 UTC] PHP Warning:  include(header.php): failed to open stream: No such file or directory in /home/ubuntu/workspace/partials/header.html on line 28
[15-Feb-2019 12:58:35 UTC] PHP Stack trace:
[15-Feb-2019 12:58:35 UTC] PHP   1. {main}() /home/ubuntu/workspace/php_files/Admin_php/agreementForm.php:0
[15-Feb-2019 12:58:35 UTC] PHP   2. include() /home/ubuntu/workspace/php_files/Admin_php/agreementForm.php:3
[15-Feb-2019 12:58:35 UTC] PHP Warning:  include(): Failed opening 'header.php' for inclusion (include_path='.:/usr/share/php:/usr/share/pear') in /home/ubuntu/workspace/partials/header.html on line 28
[15-Feb-2019 12:58:35 UTC] PHP Stack trace:
[15-Feb-2019 12:58:35 UTC] PHP   1. {main}() /home/ubuntu/workspace/php_files/Admin_php/agreementForm.php:0
[15-Feb-2019 12:58:35 UTC] PHP   2. include() /home/ubuntu/workspace/php_files/Admin_php/agreementForm.php:3
[15-Feb-2019 12:58:35 UTC] PHP Warning:  include(footer.php): failed to open stream: No such file or directory in /home/ubuntu/workspace/partials/footer.html on line 6
[15-Feb-2019 12:58:35 UTC] PHP Stack trace:
[15-Feb-2019 12:58:35 UTC] PHP   1. {main}() /home/ubuntu/workspace/php_files/Admin_php/agreementForm.php:0
[15-Feb-2019 12:58:35 UTC] PHP   2. include() /home/ubuntu/workspace/php_files/Admin_php/agreementForm.php:38
[15-Feb-2019 12:58:35 UTC] PHP Warning:  include(): Failed opening 'footer.php' for inclusion (include_path='.:/usr/share/php:/usr/share/pear') in /home/ubuntu/workspace/partials/footer.html on line 6
[15-Feb-2019 12:58:35 UTC] PHP Stack trace:
[15-Feb-2019 12:58:35 UTC] PHP   1. {main}() /home/ubuntu/workspace/php_files/Admin_php/agreementForm.php:0
[15-Feb-2019 12:58:35 UTC] PHP   2. include() /home/ubuntu/workspace/php_files/Admin_php/agreementForm.php:38
[15-Feb-2019 12:58:39 UTC] PHP Warning:  include(header.php): failed to open stream: No such file or directory in /home/ubuntu/workspace/partials/header.html on line 28
[15-Feb-2019 12:58:39 UTC] PHP Stack trace:
[15-Feb-2019 12:58:39 UTC] PHP   1. {main}() /home/ubuntu/workspace/php_files/Admin_php/agreementForm.php:0
[15-Feb-2019 12:58:39 UTC] PHP   2. include() /home/ubuntu/workspace/php_files/Admin_php/agreementForm.php:3
[15-Feb-2019 12:58:39 UTC] PHP Warning:  include(): Failed opening 'header.php' for inclusion (include_path='.:/usr/share/php:/usr/share/pear') in /home/ubuntu/workspace/partials/header.html on line 28
[15-Feb-2019 12:58:39 UTC] PHP Stack trace:
[15-Feb-2019 12:58:39 UTC] PHP   1. {main}() /home/ubuntu/workspace/php_files/Admin_php/agreementForm.php:0
[15-Feb-2019 12:58:39 UTC] PHP   2. include() /home/ubuntu/workspace/php_files/Admin_php/agreementForm.php:3
[15-Feb-2019 12:58:39 UTC] PHP Warning:  include(footer.php): failed to open stream: No such file or directory in /home/ubuntu/workspace/partials/footer.html on line 6
[15-Feb-2019 12:58:39 UTC] PHP Stack trace:
[15-Feb-2019 12:58:39 UTC] PHP   1. {main}() /home/ubuntu/workspace/php_files/Admin_php/agreementForm.php:0
[15-Feb-2019 12:58:39 UTC] PHP   2. include() /home/ubuntu/workspace/php_files/Admin_php/agreementForm.php:38
[15-Feb-2019 12:58:39 UTC] PHP Warning:  include(): Failed opening 'footer.php' for inclusion (include_path='.:/usr/share/php:/usr/share/pear') in /home/ubuntu/workspace/partials/footer.html on line 6
[15-Feb-2019 12:58:39 UTC] PHP Stack trace:
[15-Feb-2019 12:58:39 UTC] PHP   1. {main}() /home/ubuntu/workspace/php_files/Admin_php/agreementForm.php:0
[15-Feb-2019 12:58:39 UTC] PHP   2. include() /home/ubuntu/workspace/php_files/Admin_php/agreementForm.php:38
[15-Feb-2019 12:59:00 UTC] PHP Warning:  include(header.php): failed to open stream: No such file or directory in /home/ubuntu/workspace/partials/header.html on line 28
[15-Feb-2019 12:59:00 UTC] PHP Stack trace:
[15-Feb-2019 12:59:00 UTC] PHP   1. {main}() /home/ubuntu/workspace/php_files/Admin_php/homePage.php:0
[15-Feb-2019 12:59:00 UTC] PHP   2. include() /home/ubuntu/workspace/php_files/Admin_php/homePage.php:3
[15-Feb-2019 12:59:00 UTC] PHP Warning:  include(): Failed opening 'header.php' for inclusion (include_path='.:/usr/share/php:/usr/share/pear') in /home/ubuntu/workspace/partials/header.html on line 28
[15-Feb-2019 12:59:00 UTC] PHP Stack trace:
[15-Feb-2019 12:59:00 UTC] PHP   1. {main}() /home/ubuntu/workspace/php_files/Admin_php/homePage.php:0
[15-Feb-2019 12:59:00 UTC] PHP   2. include() /home/ubuntu/workspace/php_files/Admin_php/homePage.php:3
[15-Feb-2019 12:59:00 UTC] PHP Warning:  include(footer.php): failed to open stream: No such file or directory in /home/ubuntu/workspace/partials/footer.html on line 6
[15-Feb-2019 12:59:00 UTC] PHP Stack trace:
[15-Feb-2019 12:59:00 UTC] PHP   1. {main}() /home/ubuntu/workspace/php_files/Admin_php/homePage.php:0
[15-Feb-2019 12:59:00 UTC] PHP   2. include() /home/ubuntu/workspace/php_files/Admin_php/homePage.php:61
[15-Feb-2019 12:59:00 UTC] PHP Warning:  include(): Failed opening 'footer.php' for inclusion (include_path='.:/usr/share/php:/usr/share/pear') in /home/ubuntu/workspace/partials/footer.html on line 6
[15-Feb-2019 12:59:00 UTC] PHP Stack trace:
[15-Feb-2019 12:59:00 UTC] PHP   1. {main}() /home/ubuntu/workspace/php_files/Admin_php/homePage.php:0
[15-Feb-2019 12:59:00 UTC] PHP   2. include() /home/ubuntu/workspace/php_files/Admin_php/homePage.php:61
[15-Feb-2019 12:59:05 UTC] PHP Warning:  include(header.php): failed to open stream: No such file or directory in /home/ubuntu/workspace/partials/header.html on line 28
[15-Feb-2019 12:59:05 UTC] PHP Stack trace:
[15-Feb-2019 12:59:05 UTC] PHP   1. {main}() /home/ubuntu/workspace/php_files/Admin_php/agreementForm.php:0
[15-Feb-2019 12:59:05 UTC] PHP   2. include() /home/ubuntu/workspace/php_files/Admin_php/agreementForm.php:3
[15-Feb-2019 12:59:05 UTC] PHP Warning:  include(): Failed opening 'header.php' for inclusion (include_path='.:/usr/share/php:/usr/share/pear') in /home/ubuntu/workspace/partials/header.html on line 28
[15-Feb-2019 12:59:05 UTC] PHP Stack trace:
[15-Feb-2019 12:59:05 UTC] PHP   1. {main}() /home/ubuntu/workspace/php_files/Admin_php/agreementForm.php:0
[15-Feb-2019 12:59:05 UTC] PHP   2. include() /home/ubuntu/workspace/php_files/Admin_php/agreementForm.php:3
[15-Feb-2019 12:59:05 UTC] PHP Warning:  include(footer.php): failed to open stream: No such file or directory in /home/ubuntu/workspace/partials/footer.html on line 6
[15-Feb-2019 12:59:05 UTC] PHP Stack trace:
[15-Feb-2019 12:59:05 UTC] PHP   1. {main}() /home/ubuntu/workspace/php_files/Admin_php/agreementForm.php:0
[15-Feb-2019 12:59:05 UTC] PHP   2. include() /home/ubuntu/workspace/php_files/Admin_php/agreementForm.php:38
[15-Feb-2019 12:59:05 UTC] PHP Warning:  include(): Failed opening 'footer.php' for inclusion (include_path='.:/usr/share/php:/usr/share/pear') in /home/ubuntu/workspace/partials/footer.html on line 6
[15-Feb-2019 12:59:05 UTC] PHP Stack trace:
[15-Feb-2019 12:59:05 UTC] PHP   1. {main}() /home/ubuntu/workspace/php_files/Admin_php/agreementForm.php:0
[15-Feb-2019 12:59:05 UTC] PHP   2. include() /home/ubuntu/workspace/php_files/Admin_php/agreementForm.php:38
[15-Feb-2019 13:04:59 UTC] PHP Warning:  include(header.php): failed to open stream: No such file or directory in /home/ubuntu/workspace/partials/header.html on line 28
[15-Feb-2019 13:04:59 UTC] PHP Stack trace:
[15-Feb-2019 13:04:59 UTC] PHP   1. {main}() /home/ubuntu/workspace/php_files/Admin_php/faq.php:0
[15-Feb-2019 13:04:59 UTC] PHP   2. include() /home/ubuntu/workspace/php_files/Admin_php/faq.php:3
[15-Feb-2019 13:04:59 UTC] PHP Warning:  include(): Failed opening 'header.php' for inclusion (include_path='.:/usr/share/php:/usr/share/pear') in /home/ubuntu/workspace/partials/header.html on line 28
[15-Feb-2019 13:04:59 UTC] PHP Stack trace:
[15-Feb-2019 13:04:59 UTC] PHP   1. {main}() /home/ubuntu/workspace/php_files/Admin_php/faq.php:0
[15-Feb-2019 13:04:59 UTC] PHP   2. include() /home/ubuntu/workspace/php_files/Admin_php/faq.php:3
[15-Feb-2019 13:04:59 UTC] PHP Warning:  include(footer.php): failed to open stream: No such file or directory in /home/ubuntu/workspace/partials/footer.html on line 6
[15-Feb-2019 13:04:59 UTC] PHP Stack trace:
[15-Feb-2019 13:04:59 UTC] PHP   1. {main}() /home/ubuntu/workspace/php_files/Admin_php/faq.php:0
[15-Feb-2019 13:04:59 UTC] PHP   2. include() /home/ubuntu/workspace/php_files/Admin_php/faq.php:57
[15-Feb-2019 13:04:59 UTC] PHP Warning:  include(): Failed opening 'footer.php' for inclusion (include_path='.:/usr/share/php:/usr/share/pear') in /home/ubuntu/workspace/partials/footer.html on line 6
[15-Feb-2019 13:04:59 UTC] PHP Stack trace:
[15-Feb-2019 13:04:59 UTC] PHP   1. {main}() /home/ubuntu/workspace/php_files/Admin_php/faq.php:0
[15-Feb-2019 13:04:59 UTC] PHP   2. include() /home/ubuntu/workspace/php_files/Admin_php/faq.php:57
[15-Feb-2019 13:06:00 UTC] PHP Warning:  include(header.php): failed to open stream: No such file or directory in /home/ubuntu/workspace/partials/header.html on line 28
[15-Feb-2019 13:06:00 UTC] PHP Stack trace:
[15-Feb-2019 13:06:00 UTC] PHP   1. {main}() /home/ubuntu/workspace/php_files/Admin_php/faq.php:0
[15-Feb-2019 13:06:00 UTC] PHP   2. include() /home/ubuntu/workspace/php_files/Admin_php/faq.php:3
[15-Feb-2019 13:06:00 UTC] PHP Warning:  include(): Failed opening 'header.php' for inclusion (include_path='.:/usr/share/php:/usr/share/pear') in /home/ubuntu/workspace/partials/header.html on line 28
[15-Feb-2019 13:06:00 UTC] PHP Stack trace:
[15-Feb-2019 13:06:00 UTC] PHP   1. {main}() /home/ubuntu/workspace/php_files/Admin_php/faq.php:0
[15-Feb-2019 13:06:00 UTC] PHP   2. include() /home/ubuntu/workspace/php_files/Admin_php/faq.php:3
[15-Feb-2019 13:06:00 UTC] PHP Warning:  include(footer.php): failed to open stream: No such file or directory in /home/ubuntu/workspace/partials/footer.html on line 6
[15-Feb-2019 13:06:00 UTC] PHP Stack trace:
[15-Feb-2019 13:06:00 UTC] PHP   1. {main}() /home/ubuntu/workspace/php_files/Admin_php/faq.php:0
[15-Feb-2019 13:06:00 UTC] PHP   2. include() /home/ubuntu/workspace/php_files/Admin_php/faq.php:57
[15-Feb-2019 13:06:00 UTC] PHP Warning:  include(): Failed opening 'footer.php' for inclusion (include_path='.:/usr/share/php:/usr/share/pear') in /home/ubuntu/workspace/partials/footer.html on line 6
[15-Feb-2019 13:06:00 UTC] PHP Stack trace:
[15-Feb-2019 13:06:00 UTC] PHP   1. {main}() /home/ubuntu/workspace/php_files/Admin_php/faq.php:0
[15-Feb-2019 13:06:00 UTC] PHP   2. include() /home/ubuntu/workspace/php_files/Admin_php/faq.php:57
[15-Feb-2019 13:06:03 UTC] PHP Warning:  include(header.php): failed to open stream: No such file or directory in /home/ubuntu/workspace/partials/header.html on line 28
[15-Feb-2019 13:06:03 UTC] PHP Stack trace:
[15-Feb-2019 13:06:03 UTC] PHP   1. {main}() /home/ubuntu/workspace/php_files/Admin_php/reviewStudentSubmissions.php:0
[15-Feb-2019 13:06:03 UTC] PHP   2. include() /home/ubuntu/workspace/php_files/Admin_php/reviewStudentSubmissions.php:3
[15-Feb-2019 13:06:03 UTC] PHP Warning:  include(): Failed opening 'header.php' for inclusion (include_path='.:/usr/share/php:/usr/share/pear') in /home/ubuntu/workspace/partials/header.html on line 28
[15-Feb-2019 13:06:03 UTC] PHP Stack trace:
[15-Feb-2019 13:06:03 UTC] PHP   1. {main}() /home/ubuntu/workspace/php_files/Admin_php/reviewStudentSubmissions.php:0
[15-Feb-2019 13:06:03 UTC] PHP   2. include() /home/ubuntu/workspace/php_files/Admin_php/reviewStudentSubmissions.php:3
[15-Feb-2019 13:06:03 UTC] PHP Warning:  include(footer.php): failed to open stream: No such file or directory in /home/ubuntu/workspace/partials/footer.html on line 6
[15-Feb-2019 13:06:03 UTC] PHP Stack trace:
[15-Feb-2019 13:06:03 UTC] PHP   1. {main}() /home/ubuntu/workspace/php_files/Admin_php/reviewStudentSubmissions.php:0
[15-Feb-2019 13:06:03 UTC] PHP   2. include() /home/ubuntu/workspace/php_files/Admin_php/reviewStudentSubmissions.php:171
[15-Feb-2019 13:06:03 UTC] PHP Warning:  include(): Failed opening 'footer.php' for inclusion (include_path='.:/usr/share/php:/usr/share/pear') in /home/ubuntu/workspace/partials/footer.html on line 6
[15-Feb-2019 13:06:03 UTC] PHP Stack trace:
[15-Feb-2019 13:06:03 UTC] PHP   1. {main}() /home/ubuntu/workspace/php_files/Admin_php/reviewStudentSubmissions.php:0
[15-Feb-2019 13:06:03 UTC] PHP   2. include() /home/ubuntu/workspace/php_files/Admin_php/reviewStudentSubmissions.php:171
[15-Feb-2019 13:06:06 UTC] PHP Warning:  include(header.php): failed to open stream: No such file or directory in /home/ubuntu/workspace/partials/header.html on line 28
[15-Feb-2019 13:06:06 UTC] PHP Stack trace:
[15-Feb-2019 13:06:06 UTC] PHP   1. {main}() /home/ubuntu/workspace/php_files/Admin_php/reviewStaffSubmissions.php:0
[15-Feb-2019 13:06:06 UTC] PHP   2. include() /home/ubuntu/workspace/php_files/Admin_php/reviewStaffSubmissions.php:3
[15-Feb-2019 13:06:06 UTC] PHP Warning:  include(): Failed opening 'header.php' for inclusion (include_path='.:/usr/share/php:/usr/share/pear') in /home/ubuntu/workspace/partials/header.html on line 28
[15-Feb-2019 13:06:06 UTC] PHP Stack trace:
[15-Feb-2019 13:06:06 UTC] PHP   1. {main}() /home/ubuntu/workspace/php_files/Admin_php/reviewStaffSubmissions.php:0
[15-Feb-2019 13:06:06 UTC] PHP   2. include() /home/ubuntu/workspace/php_files/Admin_php/reviewStaffSubmissions.php:3
[15-Feb-2019 13:06:06 UTC] PHP Warning:  include(footer.php): failed to open stream: No such file or directory in /home/ubuntu/workspace/partials/footer.html on line 6
[15-Feb-2019 13:06:06 UTC] PHP Stack trace:
[15-Feb-2019 13:06:06 UTC] PHP   1. {main}() /home/ubuntu/workspace/php_files/Admin_php/reviewStaffSubmissions.php:0
[15-Feb-2019 13:06:06 UTC] PHP   2. include() /home/ubuntu/workspace/php_files/Admin_php/reviewStaffSubmissions.php:234
[15-Feb-2019 13:06:06 UTC] PHP Warning:  include(): Failed opening 'footer.php' for inclusion (include_path='.:/usr/share/php:/usr/share/pear') in /home/ubuntu/workspace/partials/footer.html on line 6
[15-Feb-2019 13:06:06 UTC] PHP Stack trace:
[15-Feb-2019 13:06:06 UTC] PHP   1. {main}() /home/ubuntu/workspace/php_files/Admin_php/reviewStaffSubmissions.php:0
[15-Feb-2019 13:06:06 UTC] PHP   2. include() /home/ubuntu/workspace/php_files/Admin_php/reviewStaffSubmissions.php:234
[15-Feb-2019 13:06:09 UTC] PHP Warning:  include(header.php): failed to open stream: No such file or directory in /home/ubuntu/workspace/partials/header.html on line 28
[15-Feb-2019 13:06:09 UTC] PHP Stack trace:
[15-Feb-2019 13:06:09 UTC] PHP   1. {main}() /home/ubuntu/workspace/php_files/Admin_php/historyStaffRequests.php:0
[15-Feb-2019 13:06:09 UTC] PHP   2. include() /home/ubuntu/workspace/php_files/Admin_php/historyStaffRequests.php:3
[15-Feb-2019 13:06:09 UTC] PHP Warning:  include(): Failed opening 'header.php' for inclusion (include_path='.:/usr/share/php:/usr/share/pear') in /home/ubuntu/workspace/partials/header.html on line 28
[15-Feb-2019 13:06:09 UTC] PHP Stack trace:
[15-Feb-2019 13:06:09 UTC] PHP   1. {main}() /home/ubuntu/workspace/php_files/Admin_php/historyStaffRequests.php:0
[15-Feb-2019 13:06:09 UTC] PHP   2. include() /home/ubuntu/workspace/php_files/Admin_php/historyStaffRequests.php:3
[15-Feb-2019 13:06:09 UTC] PHP Warning:  include(footer.php): failed to open stream: No such file or directory in /home/ubuntu/workspace/partials/footer.html on line 6
[15-Feb-2019 13:06:09 UTC] PHP Stack trace:
[15-Feb-2019 13:06:09 UTC] PHP   1. {main}() /home/ubuntu/workspace/php_files/Admin_php/historyStaffRequests.php:0
[15-Feb-2019 13:06:09 UTC] PHP   2. include() /home/ubuntu/workspace/php_files/Admin_php/historyStaffRequests.php:356
[15-Feb-2019 13:06:09 UTC] PHP Warning:  include(): Failed opening 'footer.php' for inclusion (include_path='.:/usr/share/php:/usr/share/pear') in /home/ubuntu/workspace/partials/footer.html on line 6
[15-Feb-2019 13:06:09 UTC] PHP Stack trace:
[15-Feb-2019 13:06:09 UTC] PHP   1. {main}() /home/ubuntu/workspace/php_files/Admin_php/historyStaffRequests.php:0
[15-Feb-2019 13:06:09 UTC] PHP   2. include() /home/ubuntu/workspace/php_files/Admin_php/historyStaffRequests.php:356
[15-Feb-2019 13:06:12 UTC] PHP Warning:  include(header.php): failed to open stream: No such file or directory in /home/ubuntu/workspace/partials/header.html on line 28
[15-Feb-2019 13:06:12 UTC] PHP Stack trace:
[15-Feb-2019 13:06:12 UTC] PHP   1. {main}() /home/ubuntu/workspace/php_files/Admin_php/historyStaffRequests.php:0
[15-Feb-2019 13:06:12 UTC] PHP   2. include() /home/ubuntu/workspace/php_files/Admin_php/historyStaffRequests.php:3
[15-Feb-2019 13:06:12 UTC] PHP Warning:  include(): Failed opening 'header.php' for inclusion (include_path='.:/usr/share/php:/usr/share/pear') in /home/ubuntu/workspace/partials/header.html on line 28
[15-Feb-2019 13:06:12 UTC] PHP Stack trace:
[15-Feb-2019 13:06:12 UTC] PHP   1. {main}() /home/ubuntu/workspace/php_files/Admin_php/historyStaffRequests.php:0
[15-Feb-2019 13:06:12 UTC] PHP   2. include() /home/ubuntu/workspace/php_files/Admin_php/historyStaffRequests.php:3
[15-Feb-2019 13:06:12 UTC] PHP Warning:  include(footer.php): failed to open stream: No such file or directory in /home/ubuntu/workspace/partials/footer.html on line 6
[15-Feb-2019 13:06:12 UTC] PHP Stack trace:
[15-Feb-2019 13:06:12 UTC] PHP   1. {main}() /home/ubuntu/workspace/php_files/Admin_php/historyStaffRequests.php:0
[15-Feb-2019 13:06:12 UTC] PHP   2. include() /home/ubuntu/workspace/php_files/Admin_php/historyStaffRequests.php:356
[15-Feb-2019 13:06:12 UTC] PHP Warning:  include(): Failed opening 'footer.php' for inclusion (include_path='.:/usr/share/php:/usr/share/pear') in /home/ubuntu/workspace/partials/footer.html on line 6
[15-Feb-2019 13:06:12 UTC] PHP Stack trace:
[15-Feb-2019 13:06:12 UTC] PHP   1. {main}() /home/ubuntu/workspace/php_files/Admin_php/historyStaffRequests.php:0
[15-Feb-2019 13:06:12 UTC] PHP   2. include() /home/ubuntu/workspace/php_files/Admin_php/historyStaffRequests.php:356
[15-Feb-2019 13:06:18 UTC] PHP Warning:  include(header.php): failed to open stream: No such file or directory in /home/ubuntu/workspace/partials/header.html on line 28
[15-Feb-2019 13:06:18 UTC] PHP Stack trace:
[15-Feb-2019 13:06:18 UTC] PHP   1. {main}() /home/ubuntu/workspace/php_files/Admin_php/historyStudentRequests.php:0
[15-Feb-2019 13:06:18 UTC] PHP   2. include() /home/ubuntu/workspace/php_files/Admin_php/historyStudentRequests.php:3
[15-Feb-2019 13:06:18 UTC] PHP Warning:  include(): Failed opening 'header.php' for inclusion (include_path='.:/usr/share/php:/usr/share/pear') in /home/ubuntu/workspace/partials/header.html on line 28
[15-Feb-2019 13:06:18 UTC] PHP Stack trace:
[15-Feb-2019 13:06:18 UTC] PHP   1. {main}() /home/ubuntu/workspace/php_files/Admin_php/historyStudentRequests.php:0
[15-Feb-2019 13:06:18 UTC] PHP   2. include() /home/ubuntu/workspace/php_files/Admin_php/historyStudentRequests.php:3
[15-Feb-2019 13:06:18 UTC] PHP Warning:  include(footer.php): failed to open stream: No such file or directory in /home/ubuntu/workspace/partials/footer.html on line 6
[15-Feb-2019 13:06:18 UTC] PHP Stack trace:
[15-Feb-2019 13:06:18 UTC] PHP   1. {main}() /home/ubuntu/workspace/php_files/Admin_php/historyStudentRequests.php:0
[15-Feb-2019 13:06:18 UTC] PHP   2. include() /home/ubuntu/workspace/php_files/Admin_php/historyStudentRequests.php:211
[15-Feb-2019 13:06:18 UTC] PHP Warning:  include(): Failed opening 'footer.php' for inclusion (include_path='.:/usr/share/php:/usr/share/pear') in /home/ubuntu/workspace/partials/footer.html on line 6
[15-Feb-2019 13:06:18 UTC] PHP Stack trace:
[15-Feb-2019 13:06:18 UTC] PHP   1. {main}() /home/ubuntu/workspace/php_files/Admin_php/historyStudentRequests.php:0
[15-Feb-2019 13:06:18 UTC] PHP   2. include() /home/ubuntu/workspace/php_files/Admin_php/historyStudentRequests.php:211
[15-Feb-2019 13:06:21 UTC] PHP Warning:  include(header.php): failed to open stream: No such file or directory in /home/ubuntu/workspace/partials/header.html on line 28
[15-Feb-2019 13:06:21 UTC] PHP Stack trace:
[15-Feb-2019 13:06:21 UTC] PHP   1. {main}() /home/ubuntu/workspace/php_files/Admin_php/faq.php:0
[15-Feb-2019 13:06:21 UTC] PHP   2. include() /home/ubuntu/workspace/php_files/Admin_php/faq.php:3
[15-Feb-2019 13:06:21 UTC] PHP Warning:  include(): Failed opening 'header.php' for inclusion (include_path='.:/usr/share/php:/usr/share/pear') in /home/ubuntu/workspace/partials/header.html on line 28
[15-Feb-2019 13:06:21 UTC] PHP Stack trace:
[15-Feb-2019 13:06:21 UTC] PHP   1. {main}() /home/ubuntu/workspace/php_files/Admin_php/faq.php:0
[15-Feb-2019 13:06:21 UTC] PHP   2. include() /home/ubuntu/workspace/php_files/Admin_php/faq.php:3
[15-Feb-2019 13:06:21 UTC] PHP Warning:  include(footer.php): failed to open stream: No such file or directory in /home/ubuntu/workspace/partials/footer.html on line 6
[15-Feb-2019 13:06:21 UTC] PHP Stack trace:
[15-Feb-2019 13:06:21 UTC] PHP   1. {main}() /home/ubuntu/workspace/php_files/Admin_php/faq.php:0
[15-Feb-2019 13:06:21 UTC] PHP   2. include() /home/ubuntu/workspace/php_files/Admin_php/faq.php:57
[15-Feb-2019 13:06:21 UTC] PHP Warning:  include(): Failed opening 'footer.php' for inclusion (include_path='.:/usr/share/php:/usr/share/pear') in /home/ubuntu/workspace/partials/footer.html on line 6
[15-Feb-2019 13:06:21 UTC] PHP Stack trace:
[15-Feb-2019 13:06:21 UTC] PHP   1. {main}() /home/ubuntu/workspace/php_files/Admin_php/faq.php:0
[15-Feb-2019 13:06:21 UTC] PHP   2. include() /home/ubuntu/workspace/php_files/Admin_php/faq.php:57
[15-Feb-2019 13:06:24 UTC] PHP Warning:  include(header.php): failed to open stream: No such file or directory in /home/ubuntu/workspace/partials/header.html on line 28
[15-Feb-2019 13:06:24 UTC] PHP Stack trace:
[15-Feb-2019 13:06:24 UTC] PHP   1. {main}() /home/ubuntu/workspace/php_files/Admin_php/agreementForm.php:0
[15-Feb-2019 13:06:24 UTC] PHP   2. include() /home/ubuntu/workspace/php_files/Admin_php/agreementForm.php:3
[15-Feb-2019 13:06:24 UTC] PHP Warning:  include(): Failed opening 'header.php' for inclusion (include_path='.:/usr/share/php:/usr/share/pear') in /home/ubuntu/workspace/partials/header.html on line 28
[15-Feb-2019 13:06:24 UTC] PHP Stack trace:
[15-Feb-2019 13:06:24 UTC] PHP   1. {main}() /home/ubuntu/workspace/php_files/Admin_php/agreementForm.php:0
[15-Feb-2019 13:06:24 UTC] PHP   2. include() /home/ubuntu/workspace/php_files/Admin_php/agreementForm.php:3
[15-Feb-2019 13:06:24 UTC] PHP Warning:  include(footer.php): failed to open stream: No such file or directory in /home/ubuntu/workspace/partials/footer.html on line 6
[15-Feb-2019 13:06:24 UTC] PHP Stack trace:
[15-Feb-2019 13:06:24 UTC] PHP   1. {main}() /home/ubuntu/workspace/php_files/Admin_php/agreementForm.php:0
[15-Feb-2019 13:06:24 UTC] PHP   2. include() /home/ubuntu/workspace/php_files/Admin_php/agreementForm.php:38
[15-Feb-2019 13:06:24 UTC] PHP Warning:  include(): Failed opening 'footer.php' for inclusion (include_path='.:/usr/share/php:/usr/share/pear') in /home/ubuntu/workspace/partials/footer.html on line 6
[15-Feb-2019 13:06:24 UTC] PHP Stack trace:
[15-Feb-2019 13:06:24 UTC] PHP   1. {main}() /home/ubuntu/workspace/php_files/Admin_php/agreementForm.php:0
[15-Feb-2019 13:06:24 UTC] PHP   2. include() /home/ubuntu/workspace/php_files/Admin_php/agreementForm.php:38
[15-Feb-2019 13:06:27 UTC] PHP Warning:  include(header.php): failed to open stream: No such file or directory in /home/ubuntu/workspace/partials/header.html on line 28
[15-Feb-2019 13:06:27 UTC] PHP Stack trace:
[15-Feb-2019 13:06:27 UTC] PHP   1. {main}() /home/ubuntu/workspace/php_files/Admin_php/reviewStudentSubmissions.php:0
[15-Feb-2019 13:06:27 UTC] PHP   2. include() /home/ubuntu/workspace/php_files/Admin_php/reviewStudentSubmissions.php:3
[15-Feb-2019 13:06:27 UTC] PHP Warning:  include(): Failed opening 'header.php' for inclusion (include_path='.:/usr/share/php:/usr/share/pear') in /home/ubuntu/workspace/partials/header.html on line 28
[15-Feb-2019 13:06:27 UTC] PHP Stack trace:
[15-Feb-2019 13:06:27 UTC] PHP   1. {main}() /home/ubuntu/workspace/php_files/Admin_php/reviewStudentSubmissions.php:0
[15-Feb-2019 13:06:27 UTC] PHP   2. include() /home/ubuntu/workspace/php_files/Admin_php/reviewStudentSubmissions.php:3
[15-Feb-2019 13:06:27 UTC] PHP Warning:  include(footer.php): failed to open stream: No such file or directory in /home/ubuntu/workspace/partials/footer.html on line 6
[15-Feb-2019 13:06:27 UTC] PHP Stack trace:
[15-Feb-2019 13:06:27 UTC] PHP   1. {main}() /home/ubuntu/workspace/php_files/Admin_php/reviewStudentSubmissions.php:0
[15-Feb-2019 13:06:27 UTC] PHP   2. include() /home/ubuntu/workspace/php_files/Admin_php/reviewStudentSubmissions.php:171
[15-Feb-2019 13:06:27 UTC] PHP Warning:  include(): Failed opening 'footer.php' for inclusion (include_path='.:/usr/share/php:/usr/share/pear') in /home/ubuntu/workspace/partials/footer.html on line 6
[15-Feb-2019 13:06:27 UTC] PHP Stack trace:
[15-Feb-2019 13:06:27 UTC] PHP   1. {main}() /home/ubuntu/workspace/php_files/Admin_php/reviewStudentSubmissions.php:0
[15-Feb-2019 13:06:27 UTC] PHP   2. include() /home/ubuntu/workspace/php_files/Admin_php/reviewStudentSubmissions.php:171
[15-Feb-2019 13:06:29 UTC] PHP Warning:  include(header.php): failed to open stream: No such file or directory in /home/ubuntu/workspace/partials/header.html on line 28
[15-Feb-2019 13:06:29 UTC] PHP Stack trace:
[15-Feb-2019 13:06:29 UTC] PHP   1. {main}() /home/ubuntu/workspace/php_files/Admin_php/reviewStaffSubmissions.php:0
[15-Feb-2019 13:06:29 UTC] PHP   2. include() /home/ubuntu/workspace/php_files/Admin_php/reviewStaffSubmissions.php:3
[15-Feb-2019 13:06:29 UTC] PHP Warning:  include(): Failed opening 'header.php' for inclusion (include_path='.:/usr/share/php:/usr/share/pear') in /home/ubuntu/workspace/partials/header.html on line 28
[15-Feb-2019 13:06:29 UTC] PHP Stack trace:
[15-Feb-2019 13:06:29 UTC] PHP   1. {main}() /home/ubuntu/workspace/php_files/Admin_php/reviewStaffSubmissions.php:0
[15-Feb-2019 13:06:29 UTC] PHP   2. include() /home/ubuntu/workspace/php_files/Admin_php/reviewStaffSubmissions.php:3
[15-Feb-2019 13:06:29 UTC] PHP Warning:  include(footer.php): failed to open stream: No such file or directory in /home/ubuntu/workspace/partials/footer.html on line 6
[15-Feb-2019 13:06:29 UTC] PHP Stack trace:
[15-Feb-2019 13:06:29 UTC] PHP   1. {main}() /home/ubuntu/workspace/php_files/Admin_php/reviewStaffSubmissions.php:0
[15-Feb-2019 13:06:29 UTC] PHP   2. include() /home/ubuntu/workspace/php_files/Admin_php/reviewStaffSubmissions.php:234
[15-Feb-2019 13:06:29 UTC] PHP Warning:  include(): Failed opening 'footer.php' for inclusion (include_path='.:/usr/share/php:/usr/share/pear') in /home/ubuntu/workspace/partials/footer.html on line 6
[15-Feb-2019 13:06:29 UTC] PHP Stack trace:
[15-Feb-2019 13:06:29 UTC] PHP   1. {main}() /home/ubuntu/workspace/php_files/Admin_php/reviewStaffSubmissions.php:0
[15-Feb-2019 13:06:29 UTC] PHP   2. include() /home/ubuntu/workspace/php_files/Admin_php/reviewStaffSubmissions.php:234
[15-Feb-2019 13:06:33 UTC] PHP Warning:  include(header.php): failed to open stream: No such file or directory in /home/ubuntu/workspace/partials/header.html on line 28
[15-Feb-2019 13:06:33 UTC] PHP Stack trace:
[15-Feb-2019 13:06:33 UTC] PHP   1. {main}() /home/ubuntu/workspace/php_files/Admin_php/historyStaffRequests.php:0
[15-Feb-2019 13:06:33 UTC] PHP   2. include() /home/ubuntu/workspace/php_files/Admin_php/historyStaffRequests.php:3
[15-Feb-2019 13:06:33 UTC] PHP Warning:  include(): Failed opening 'header.php' for inclusion (include_path='.:/usr/share/php:/usr/share/pear') in /home/ubuntu/workspace/partials/header.html on line 28
[15-Feb-2019 13:06:33 UTC] PHP Stack trace:
[15-Feb-2019 13:06:33 UTC] PHP   1. {main}() /home/ubuntu/workspace/php_files/Admin_php/historyStaffRequests.php:0
[15-Feb-2019 13:06:33 UTC] PHP   2. include() /home/ubuntu/workspace/php_files/Admin_php/historyStaffRequests.php:3
[15-Feb-2019 13:06:33 UTC] PHP Warning:  include(footer.php): failed to open stream: No such file or directory in /home/ubuntu/workspace/partials/footer.html on line 6
[15-Feb-2019 13:06:33 UTC] PHP Stack trace:
[15-Feb-2019 13:06:33 UTC] PHP   1. {main}() /home/ubuntu/workspace/php_files/Admin_php/historyStaffRequests.php:0
[15-Feb-2019 13:06:33 UTC] PHP   2. include() /home/ubuntu/workspace/php_files/Admin_php/historyStaffRequests.php:356
[15-Feb-2019 13:06:33 UTC] PHP Warning:  include(): Failed opening 'footer.php' for inclusion (include_path='.:/usr/share/php:/usr/share/pear') in /home/ubuntu/workspace/partials/footer.html on line 6
[15-Feb-2019 13:06:33 UTC] PHP Stack trace:
[15-Feb-2019 13:06:33 UTC] PHP   1. {main}() /home/ubuntu/workspace/php_files/Admin_php/historyStaffRequests.php:0
[15-Feb-2019 13:06:33 UTC] PHP   2. include() /home/ubuntu/workspace/php_files/Admin_php/historyStaffRequests.php:356
[15-Feb-2019 13:06:35 UTC] PHP Warning:  include(header.php): failed to open stream: No such file or directory in /home/ubuntu/workspace/partials/header.html on line 28
[15-Feb-2019 13:06:35 UTC] PHP Stack trace:
[15-Feb-2019 13:06:35 UTC] PHP   1. {main}() /home/ubuntu/workspace/php_files/Admin_php/historyStudentRequests.php:0
[15-Feb-2019 13:06:35 UTC] PHP   2. include() /home/ubuntu/workspace/php_files/Admin_php/historyStudentRequests.php:3
[15-Feb-2019 13:06:35 UTC] PHP Warning:  include(): Failed opening 'header.php' for inclusion (include_path='.:/usr/share/php:/usr/share/pear') in /home/ubuntu/workspace/partials/header.html on line 28
[15-Feb-2019 13:06:35 UTC] PHP Stack trace:
[15-Feb-2019 13:06:35 UTC] PHP   1. {main}() /home/ubuntu/workspace/php_files/Admin_php/historyStudentRequests.php:0
[15-Feb-2019 13:06:35 UTC] PHP   2. include() /home/ubuntu/workspace/php_files/Admin_php/historyStudentRequests.php:3
[15-Feb-2019 13:06:35 UTC] PHP Warning:  include(footer.php): failed to open stream: No such file or directory in /home/ubuntu/workspace/partials/footer.html on line 6
[15-Feb-2019 13:06:35 UTC] PHP Stack trace:
[15-Feb-2019 13:06:35 UTC] PHP   1. {main}() /home/ubuntu/workspace/php_files/Admin_php/historyStudentRequests.php:0
[15-Feb-2019 13:06:35 UTC] PHP   2. include() /home/ubuntu/workspace/php_files/Admin_php/historyStudentRequests.php:211
[15-Feb-2019 13:06:35 UTC] PHP Warning:  include(): Failed opening 'footer.php' for inclusion (include_path='.:/usr/share/php:/usr/share/pear') in /home/ubuntu/workspace/partials/footer.html on line 6
[15-Feb-2019 13:06:35 UTC] PHP Stack trace:
[15-Feb-2019 13:06:35 UTC] PHP   1. {main}() /home/ubuntu/workspace/php_files/Admin_php/historyStudentRequests.php:0
[15-Feb-2019 13:06:35 UTC] PHP   2. include() /home/ubuntu/workspace/php_files/Admin_php/historyStudentRequests.php:211
[15-Feb-2019 13:08:50 UTC] PHP Warning:  include(header.php): failed to open stream: No such file or directory in /home/ubuntu/workspace/partials/header.html on line 28
[15-Feb-2019 13:08:50 UTC] PHP Stack trace:
[15-Feb-2019 13:08:50 UTC] PHP   1. {main}() /home/ubuntu/workspace/php_files/Admin_php/reviewStudentSubmissions.php:0
[15-Feb-2019 13:08:50 UTC] PHP   2. include() /home/ubuntu/workspace/php_files/Admin_php/reviewStudentSubmissions.php:3
[15-Feb-2019 13:08:50 UTC] PHP Warning:  include(): Failed opening 'header.php' for inclusion (include_path='.:/usr/share/php:/usr/share/pear') in /home/ubuntu/workspace/partials/header.html on line 28
[15-Feb-2019 13:08:50 UTC] PHP Stack trace:
[15-Feb-2019 13:08:50 UTC] PHP   1. {main}() /home/ubuntu/workspace/php_files/Admin_php/reviewStudentSubmissions.php:0
[15-Feb-2019 13:08:50 UTC] PHP   2. include() /home/ubuntu/workspace/php_files/Admin_php/reviewStudentSubmissions.php:3
[15-Feb-2019 13:08:50 UTC] PHP Warning:  include(footer.php): failed to open stream: No such file or directory in /home/ubuntu/workspace/partials/footer.html on line 6
[15-Feb-2019 13:08:50 UTC] PHP Stack trace:
[15-Feb-2019 13:08:50 UTC] PHP   1. {main}() /home/ubuntu/workspace/php_files/Admin_php/reviewStudentSubmissions.php:0
[15-Feb-2019 13:08:50 UTC] PHP   2. include() /home/ubuntu/workspace/php_files/Admin_php/reviewStudentSubmissions.php:171
[15-Feb-2019 13:08:50 UTC] PHP Warning:  include(): Failed opening 'footer.php' for inclusion (include_path='.:/usr/share/php:/usr/share/pear') in /home/ubuntu/workspace/partials/footer.html on line 6
[15-Feb-2019 13:08:50 UTC] PHP Stack trace:
[15-Feb-2019 13:08:50 UTC] PHP   1. {main}() /home/ubuntu/workspace/php_files/Admin_php/reviewStudentSubmissions.php:0
[15-Feb-2019 13:08:50 UTC] PHP   2. include() /home/ubuntu/workspace/php_files/Admin_php/reviewStudentSubmissions.php:171
[15-Feb-2019 13:08:53 UTC] PHP Warning:  include(header.php): failed to open stream: No such file or directory in /home/ubuntu/workspace/partials/header.html on line 28
[15-Feb-2019 13:08:53 UTC] PHP Stack trace:
[15-Feb-2019 13:08:53 UTC] PHP   1. {main}() /home/ubuntu/workspace/php_files/Admin_php/historyStudentRequests.php:0
[15-Feb-2019 13:08:53 UTC] PHP   2. include() /home/ubuntu/workspace/php_files/Admin_php/historyStudentRequests.php:3
[15-Feb-2019 13:08:53 UTC] PHP Warning:  include(): Failed opening 'header.php' for inclusion (include_path='.:/usr/share/php:/usr/share/pear') in /home/ubuntu/workspace/partials/header.html on line 28
[15-Feb-2019 13:08:53 UTC] PHP Stack trace:
[15-Feb-2019 13:08:53 UTC] PHP   1. {main}() /home/ubuntu/workspace/php_files/Admin_php/historyStudentRequests.php:0
[15-Feb-2019 13:08:53 UTC] PHP   2. include() /home/ubuntu/workspace/php_files/Admin_php/historyStudentRequests.php:3
[15-Feb-2019 13:08:53 UTC] PHP Warning:  include(footer.php): failed to open stream: No such file or directory in /home/ubuntu/workspace/partials/footer.html on line 6
[15-Feb-2019 13:08:53 UTC] PHP Stack trace:
[15-Feb-2019 13:08:53 UTC] PHP   1. {main}() /home/ubuntu/workspace/php_files/Admin_php/historyStudentRequests.php:0
[15-Feb-2019 13:08:53 UTC] PHP   2. include() /home/ubuntu/workspace/php_files/Admin_php/historyStudentRequests.php:211
[15-Feb-2019 13:08:53 UTC] PHP Warning:  include(): Failed opening 'footer.php' for inclusion (include_path='.:/usr/share/php:/usr/share/pear') in /home/ubuntu/workspace/partials/footer.html on line 6
[15-Feb-2019 13:08:53 UTC] PHP Stack trace:
[15-Feb-2019 13:08:53 UTC] PHP   1. {main}() /home/ubuntu/workspace/php_files/Admin_php/historyStudentRequests.php:0
[15-Feb-2019 13:08:53 UTC] PHP   2. include() /home/ubuntu/workspace/php_files/Admin_php/historyStudentRequests.php:211
[15-Feb-2019 13:09:27 UTC] PHP Warning:  include(header.php): failed to open stream: No such file or directory in /home/ubuntu/workspace/partials/header.html on line 28
[15-Feb-2019 13:09:27 UTC] PHP Stack trace:
[15-Feb-2019 13:09:27 UTC] PHP   1. {main}() /home/ubuntu/workspace/php_files/Admin_php/historyStudentRequests.php:0
[15-Feb-2019 13:09:27 UTC] PHP   2. include() /home/ubuntu/workspace/php_files/Admin_php/historyStudentRequests.php:3
[15-Feb-2019 13:09:27 UTC] PHP Warning:  include(): Failed opening 'header.php' for inclusion (include_path='.:/usr/share/php:/usr/share/pear') in /home/ubuntu/workspace/partials/header.html on line 28
[15-Feb-2019 13:09:27 UTC] PHP Stack trace:
[15-Feb-2019 13:09:27 UTC] PHP   1. {main}() /home/ubuntu/workspace/php_files/Admin_php/historyStudentRequests.php:0
[15-Feb-2019 13:09:27 UTC] PHP   2. include() /home/ubuntu/workspace/php_files/Admin_php/historyStudentRequests.php:3
[15-Feb-2019 13:09:27 UTC] PHP Warning:  include(footer.php): failed to open stream: No such file or directory in /home/ubuntu/workspace/partials/footer.html on line 6
[15-Feb-2019 13:09:27 UTC] PHP Stack trace:
[15-Feb-2019 13:09:27 UTC] PHP   1. {main}() /home/ubuntu/workspace/php_files/Admin_php/historyStudentRequests.php:0
[15-Feb-2019 13:09:27 UTC] PHP   2. include() /home/ubuntu/workspace/php_files/Admin_php/historyStudentRequests.php:211
[15-Feb-2019 13:09:27 UTC] PHP Warning:  include(): Failed opening 'footer.php' for inclusion (include_path='.:/usr/share/php:/usr/share/pear') in /home/ubuntu/workspace/partials/footer.html on line 6
[15-Feb-2019 13:09:27 UTC] PHP Stack trace:
[15-Feb-2019 13:09:27 UTC] PHP   1. {main}() /home/ubuntu/workspace/php_files/Admin_php/historyStudentRequests.php:0
[15-Feb-2019 13:09:27 UTC] PHP   2. include() /home/ubuntu/workspace/php_files/Admin_php/historyStudentRequests.php:211
[15-Feb-2019 13:09:32 UTC] PHP Warning:  include(header.php): failed to open stream: No such file or directory in /home/ubuntu/workspace/partials/header.html on line 28
[15-Feb-2019 13:09:32 UTC] PHP Stack trace:
[15-Feb-2019 13:09:32 UTC] PHP   1. {main}() /home/ubuntu/workspace/php_files/Admin_php/historyStaffRequests.php:0
[15-Feb-2019 13:09:32 UTC] PHP   2. include() /home/ubuntu/workspace/php_files/Admin_php/historyStaffRequests.php:3
[15-Feb-2019 13:09:32 UTC] PHP Warning:  include(): Failed opening 'header.php' for inclusion (include_path='.:/usr/share/php:/usr/share/pear') in /home/ubuntu/workspace/partials/header.html on line 28
[15-Feb-2019 13:09:32 UTC] PHP Stack trace:
[15-Feb-2019 13:09:32 UTC] PHP   1. {main}() /home/ubuntu/workspace/php_files/Admin_php/historyStaffRequests.php:0
[15-Feb-2019 13:09:32 UTC] PHP   2. include() /home/ubuntu/workspace/php_files/Admin_php/historyStaffRequests.php:3
[15-Feb-2019 13:09:32 UTC] PHP Warning:  include(footer.php): failed to open stream: No such file or directory in /home/ubuntu/workspace/partials/footer.html on line 6
[15-Feb-2019 13:09:32 UTC] PHP Stack trace:
[15-Feb-2019 13:09:32 UTC] PHP   1. {main}() /home/ubuntu/workspace/php_files/Admin_php/historyStaffRequests.php:0
[15-Feb-2019 13:09:32 UTC] PHP   2. include() /home/ubuntu/workspace/php_files/Admin_php/historyStaffRequests.php:356
[15-Feb-2019 13:09:32 UTC] PHP Warning:  include(): Failed opening 'footer.php' for inclusion (include_path='.:/usr/share/php:/usr/share/pear') in /home/ubuntu/workspace/partials/footer.html on line 6
[15-Feb-2019 13:09:32 UTC] PHP Stack trace:
[15-Feb-2019 13:09:32 UTC] PHP   1. {main}() /home/ubuntu/workspace/php_files/Admin_php/historyStaffRequests.php:0
[15-Feb-2019 13:09:32 UTC] PHP   2. include() /home/ubuntu/workspace/php_files/Admin_php/historyStaffRequests.php:356
[15-Feb-2019 13:09:34 UTC] PHP Warning:  include(header.php): failed to open stream: No such file or directory in /home/ubuntu/workspace/partials/header.html on line 28
[15-Feb-2019 13:09:34 UTC] PHP Stack trace:
[15-Feb-2019 13:09:34 UTC] PHP   1. {main}() /home/ubuntu/workspace/php_files/Admin_php/historyStudentRequests.php:0
[15-Feb-2019 13:09:34 UTC] PHP   2. include() /home/ubuntu/workspace/php_files/Admin_php/historyStudentRequests.php:3
[15-Feb-2019 13:09:34 UTC] PHP Warning:  include(): Failed opening 'header.php' for inclusion (include_path='.:/usr/share/php:/usr/share/pear') in /home/ubuntu/workspace/partials/header.html on line 28
[15-Feb-2019 13:09:34 UTC] PHP Stack trace:
[15-Feb-2019 13:09:34 UTC] PHP   1. {main}() /home/ubuntu/workspace/php_files/Admin_php/historyStudentRequests.php:0
[15-Feb-2019 13:09:34 UTC] PHP   2. include() /home/ubuntu/workspace/php_files/Admin_php/historyStudentRequests.php:3
[15-Feb-2019 13:09:34 UTC] PHP Warning:  include(footer.php): failed to open stream: No such file or directory in /home/ubuntu/workspace/partials/footer.html on line 6
[15-Feb-2019 13:09:34 UTC] PHP Stack trace:
[15-Feb-2019 13:09:34 UTC] PHP   1. {main}() /home/ubuntu/workspace/php_files/Admin_php/historyStudentRequests.php:0
[15-Feb-2019 13:09:34 UTC] PHP   2. include() /home/ubuntu/workspace/php_files/Admin_php/historyStudentRequests.php:211
[15-Feb-2019 13:09:34 UTC] PHP Warning:  include(): Failed opening 'footer.php' for inclusion (include_path='.:/usr/share/php:/usr/share/pear') in /home/ubuntu/workspace/partials/footer.html on line 6
[15-Feb-2019 13:09:34 UTC] PHP Stack trace:
[15-Feb-2019 13:09:34 UTC] PHP   1. {main}() /home/ubuntu/workspace/php_files/Admin_php/historyStudentRequests.php:0
[15-Feb-2019 13:09:34 UTC] PHP   2. include() /home/ubuntu/workspace/php_files/Admin_php/historyStudentRequests.php:211
[15-Feb-2019 13:09:37 UTC] PHP Warning:  include(header.php): failed to open stream: No such file or directory in /home/ubuntu/workspace/partials/header.html on line 28
[15-Feb-2019 13:09:37 UTC] PHP Stack trace:
[15-Feb-2019 13:09:37 UTC] PHP   1. {main}() /home/ubuntu/workspace/php_files/Admin_php/reviewStudentSubmissions.php:0
[15-Feb-2019 13:09:37 UTC] PHP   2. include() /home/ubuntu/workspace/php_files/Admin_php/reviewStudentSubmissions.php:3
[15-Feb-2019 13:09:37 UTC] PHP Warning:  include(): Failed opening 'header.php' for inclusion (include_path='.:/usr/share/php:/usr/share/pear') in /home/ubuntu/workspace/partials/header.html on line 28
[15-Feb-2019 13:09:37 UTC] PHP Stack trace:
[15-Feb-2019 13:09:37 UTC] PHP   1. {main}() /home/ubuntu/workspace/php_files/Admin_php/reviewStudentSubmissions.php:0
[15-Feb-2019 13:09:37 UTC] PHP   2. include() /home/ubuntu/workspace/php_files/Admin_php/reviewStudentSubmissions.php:3
[15-Feb-2019 13:09:37 UTC] PHP Warning:  include(footer.php): failed to open stream: No such file or directory in /home/ubuntu/workspace/partials/footer.html on line 6
[15-Feb-2019 13:09:37 UTC] PHP Stack trace:
[15-Feb-2019 13:09:37 UTC] PHP   1. {main}() /home/ubuntu/workspace/php_files/Admin_php/reviewStudentSubmissions.php:0
[15-Feb-2019 13:09:37 UTC] PHP   2. include() /home/ubuntu/workspace/php_files/Admin_php/reviewStudentSubmissions.php:171
[15-Feb-2019 13:09:37 UTC] PHP Warning:  include(): Failed opening 'footer.php' for inclusion (include_path='.:/usr/share/php:/usr/share/pear') in /home/ubuntu/workspace/partials/footer.html on line 6
[15-Feb-2019 13:09:37 UTC] PHP Stack trace:
[15-Feb-2019 13:09:37 UTC] PHP   1. {main}() /home/ubuntu/workspace/php_files/Admin_php/reviewStudentSubmissions.php:0
[15-Feb-2019 13:09:37 UTC] PHP   2. include() /home/ubuntu/workspace/php_files/Admin_php/reviewStudentSubmissions.php:171
[20-Feb-2019 18:23:22 UTC] PHP Warning:  include(header.php): failed to open stream: No such file or directory in /home/ubuntu/workspace/partials/header.html on line 28
[20-Feb-2019 18:23:22 UTC] PHP Stack trace:
[20-Feb-2019 18:23:22 UTC] PHP   1. {main}() /home/ubuntu/workspace/php_files/Admin_php/agreementForm.php:0
[20-Feb-2019 18:23:22 UTC] PHP   2. include() /home/ubuntu/workspace/php_files/Admin_php/agreementForm.php:3
[20-Feb-2019 18:23:22 UTC] PHP Warning:  include(): Failed opening 'header.php' for inclusion (include_path='.:/usr/share/php:/usr/share/pear') in /home/ubuntu/workspace/partials/header.html on line 28
[20-Feb-2019 18:23:22 UTC] PHP Stack trace:
[20-Feb-2019 18:23:22 UTC] PHP   1. {main}() /home/ubuntu/workspace/php_files/Admin_php/agreementForm.php:0
[20-Feb-2019 18:23:22 UTC] PHP   2. include() /home/ubuntu/workspace/php_files/Admin_php/agreementForm.php:3
[20-Feb-2019 18:23:22 UTC] PHP Warning:  include(footer.php): failed to open stream: No such file or directory in /home/ubuntu/workspace/partials/footer.html on line 6
[20-Feb-2019 18:23:22 UTC] PHP Stack trace:
[20-Feb-2019 18:23:22 UTC] PHP   1. {main}() /home/ubuntu/workspace/php_files/Admin_php/agreementForm.php:0
[20-Feb-2019 18:23:22 UTC] PHP   2. include() /home/ubuntu/workspace/php_files/Admin_php/agreementForm.php:38
[20-Feb-2019 18:23:22 UTC] PHP Warning:  include(): Failed opening 'footer.php' for inclusion (include_path='.:/usr/share/php:/usr/share/pear') in /home/ubuntu/workspace/partials/footer.html on line 6
[20-Feb-2019 18:23:22 UTC] PHP Stack trace:
[20-Feb-2019 18:23:22 UTC] PHP   1. {main}() /home/ubuntu/workspace/php_files/Admin_php/agreementForm.php:0
[20-Feb-2019 18:23:22 UTC] PHP   2. include() /home/ubuntu/workspace/php_files/Admin_php/agreementForm.php:38
[20-Feb-2019 18:28:44 UTC] PHP Warning:  include(header.php): failed to open stream: No such file or directory in /home/ubuntu/workspace/partials/header.html on line 28
[20-Feb-2019 18:28:44 UTC] PHP Stack trace:
[20-Feb-2019 18:28:44 UTC] PHP   1. {main}() /home/ubuntu/workspace/php_files/Admin_php/agreementForm.php:0
[20-Feb-2019 18:28:44 UTC] PHP   2. include() /home/ubuntu/workspace/php_files/Admin_php/agreementForm.php:3
[20-Feb-2019 18:28:44 UTC] PHP Warning:  include(): Failed opening 'header.php' for inclusion (include_path='.:/usr/share/php:/usr/share/pear') in /home/ubuntu/workspace/partials/header.html on line 28
[20-Feb-2019 18:28:44 UTC] PHP Stack trace:
[20-Feb-2019 18:28:44 UTC] PHP   1. {main}() /home/ubuntu/workspace/php_files/Admin_php/agreementForm.php:0
[20-Feb-2019 18:28:44 UTC] PHP   2. include() /home/ubuntu/workspace/php_files/Admin_php/agreementForm.php:3
[20-Feb-2019 18:28:44 UTC] PHP Warning:  include(footer.php): failed to open stream: No such file or directory in /home/ubuntu/workspace/partials/footer.html on line 6
[20-Feb-2019 18:28:44 UTC] PHP Stack trace:
[20-Feb-2019 18:28:44 UTC] PHP   1. {main}() /home/ubuntu/workspace/php_files/Admin_php/agreementForm.php:0
[20-Feb-2019 18:28:44 UTC] PHP   2. include() /home/ubuntu/workspace/php_files/Admin_php/agreementForm.php:38
[20-Feb-2019 18:28:44 UTC] PHP Warning:  include(): Failed opening 'footer.php' for inclusion (include_path='.:/usr/share/php:/usr/share/pear') in /home/ubuntu/workspace/partials/footer.html on line 6
[20-Feb-2019 18:28:44 UTC] PHP Stack trace:
[20-Feb-2019 18:28:44 UTC] PHP   1. {main}() /home/ubuntu/workspace/php_files/Admin_php/agreementForm.php:0
[20-Feb-2019 18:28:44 UTC] PHP   2. include() /home/ubuntu/workspace/php_files/Admin_php/agreementForm.php:38
